{
  "stats": {
    "suites": 1,
    "tests": 1,
    "passes": 1,
    "pending": 0,
    "failures": 0,
    "start": "2024-09-14T18:39:29.763Z",
    "end": "2024-09-14T18:39:37.469Z",
    "duration": 7706,
    "testsRegistered": 1,
    "passPercent": 100,
    "pendingPercent": 0,
    "other": 0,
    "hasOther": false,
    "skipped": 0,
    "hasSkipped": false
  },
  "results": [
    {
      "uuid": "4988f562-59aa-4bbc-bc1a-073b8ac70875",
      "title": "",
      "fullFile": "cypress\\integration\\ui.cy.js",
      "file": "cypress\\integration\\ui.cy.js",
      "beforeHooks": [],
      "afterHooks": [],
      "tests": [],
      "suites": [
        {
          "uuid": "a44d969c-466c-4930-9678-e0a4e355b503",
          "title": "UI and Visual Tests for X-Cart Demo",
          "fullFile": "",
          "file": "",
          "beforeHooks": [],
          "afterHooks": [],
          "tests": [
            {
              "title": "should render all UI components correctly",
              "fullTitle": "UI and Visual Tests for X-Cart Demo should render all UI components correctly",
              "timedOut": null,
              "duration": 4572,
              "state": "passed",
              "speed": "fast",
              "pass": true,
              "fail": false,
              "pending": false,
              "context": "{\n  \"title\": \"cypress-mochawesome-reporter-screenshots\",\n  \"value\": [\n    [\n      \"\\\\ui.cy.js\\\\xcart-homepage-screenshot.png\"\n    ]\n  ]\n}",
              "code": "// Visit the X-Cart demo page\ncy.viewport(375, 667);\ncy.visit('https://demo.x-cart.com/demo_canada/home.php');\n// Check that the logo is visible and exists\ncy.get('img[alt=\"Your Company Name\"]').should('be.visible').and('exist');\n// Check that the welcome image is visible\ncy.get('img[alt=\"X-Cart\"][title=\"\"]').should('be.visible').and('exist');\n// Check that the 'Download' link is visible\ncy.contains('a', 'Download').should('be.visible').and('have.attr', 'href', 'https://img.x-cart.com/software/x-cart-4.7.13goldplus.tgz');\n// Take a screenshot for visual testing\ncy.screenshot('xcart-homepage-screenshot');",
              "err": {},
              "uuid": "9e9c8866-1e62-4fd8-ba1f-932cc2658db9",
              "parentUUID": "a44d969c-466c-4930-9678-e0a4e355b503",
              "isHook": false,
              "skipped": false
            }
          ],
          "suites": [],
          "passes": [
            "9e9c8866-1e62-4fd8-ba1f-932cc2658db9"
          ],
          "failures": [],
          "pending": [],
          "skipped": [],
          "duration": 4572,
          "root": false,
          "rootEmpty": false,
          "_timeout": 2000
        }
      ],
      "passes": [],
      "failures": [],
      "pending": [],
      "skipped": [],
      "duration": 0,
      "root": true,
      "rootEmpty": true,
      "_timeout": 2000
    }
  ],
  "meta": {
    "mocha": {
      "version": "7.0.1"
    },
    "mochawesome": {
      "options": {
        "quiet": false,
        "reportFilename": "mochawesome",
        "saveHtml": true,
        "saveJson": true,
        "consoleReporter": "spec",
        "useInlineDiffs": false,
        "code": true
      },
      "version": "7.1.3"
    },
    "marge": {
      "options": {
        "id": "default",
        "reportDir": "cypress/reports",
        "overwrite": false,
        "html": true,
        "json": true,
        "charts": true,
        "embeddedScreenshots": true,
        "inlineAssets": true
      },
      "version": "6.2.0"
    }
  }
}